----------------start---------------------
2018-09-19 11:06:32======>>>>>>>添加记录参数：{"openId":"15189752925","type":3,"number":"10","date":"2018-09-19 11:06:32"}
-----------------end----------------------

----------------start---------------------
2018-09-19 14:20:33======>>>>>>>添加记录参数：{"openId":"15189752925","type":3,"number":"10","date":"2018-09-19 14:20:33"}
-----------------end----------------------

----------------start---------------------
2018-09-19 16:24:20======>>>>>>>添加记录参数：{"openId":"15189752925","type":1,"number":"2","date":"2018-09-19 16:24:20"}
-----------------end----------------------

----------------start---------------------
2018-09-19 16:24:48======>>>>>>>添加记录参数：{"openId":"15189752925","type":1,"number":"2","date":"2018-09-19 16:24:48"}
-----------------end----------------------

----------------start---------------------
2018-09-19 16:42:30======>>>>>>>添加记录参数：{"openId":"15189752925","type":0,"number":1,"date":"2018-09-19 16:42:30"}
-----------------end----------------------

----------------start---------------------
2018-09-19 16:44:15======>>>>>>>添加记录参数：{"openId":"15189752925","type":0,"number":1,"date":"2018-09-19 16:44:15"}
-----------------end----------------------

----------------start---------------------
2018-09-19 16:44:27======>>>>>>>添加记录参数：{"openId":"15189752925","type":0,"number":0.75,"date":"2018-09-19 16:44:27"}
-----------------end----------------------

----------------start---------------------
2018-09-19 19:15:28======>>>>>>>添加记录参数：{"openId":"15189752925","type":3,"number":"2","date":"2018-09-19 19:15:28"}
-----------------end----------------------

----------------start---------------------
2018-09-19 19:19:41======>>>>>>>添加记录参数：{"openId":"15189752925","type":3,"number":"2","date":"2018-09-19 19:19:41"}
-----------------end----------------------

