----------------start---------------------
2018-09-19 16:22:38======>>>>>>>获取分享参数：{"proNo":"20180917","openId":"15189752666","name":"ruik","mobile":"15189752925","prov":"浙江省","city":"杭州市1","area":"余杭区1","address":"湖山帝景湾19幢","isMain":"1","addressId":"2","shareOpenId":"15189752925","type":"1"}

2018-09-19 16:22:38======>>>>>>>新用户注册失败：{"openId":"15189752666","createDate":"2018-09-19 16:22:38","loginDate":"2018-09-19 16:22:38","shareOpenId":"15189752925"}

2018-09-19 16:22:38======>>>>>>>数据库处理失败：Undefined index: steCoin
-----------------end----------------------

----------------start---------------------
2018-09-19 16:23:24======>>>>>>>获取分享参数：{"proNo":"20180917","openId":"15189752666","name":"ruik","mobile":"15189752925","prov":"浙江省","city":"杭州市1","area":"余杭区1","address":"湖山帝景湾19幢","isMain":"1","addressId":"2","shareOpenId":"15189752925","type":"1"}

2018-09-19 16:23:25======>>>>>>>新用户注册失败：{"openId":"15189752666","createDate":"2018-09-19 16:23:25","loginDate":"2018-09-19 16:23:25","shareOpenId":"15189752925"}

2018-09-19 16:23:25======>>>>>>>数据库处理失败：Undefined index: steCoin
-----------------end----------------------

----------------start---------------------
2018-09-19 16:24:20======>>>>>>>获取分享参数：{"proNo":"20180917","openId":"15189752666","name":"ruik","mobile":"15189752925","prov":"浙江省","city":"杭州市1","area":"余杭区1","address":"湖山帝景湾19幢","isMain":"1","addressId":"2","shareOpenId":"15189752925","type":"1"}

2018-09-19 16:24:20======>>>>>>>新用户注册失败：{"openId":"15189752666","createDate":"2018-09-19 16:24:20","loginDate":"2018-09-19 16:24:20","shareOpenId":"15189752925"}

2018-09-19 16:24:20======>>>>>>>数据库处理失败：Undefined index: friendOpenId
-----------------end----------------------

----------------start---------------------
2018-09-19 16:24:48======>>>>>>>获取分享参数：{"proNo":"20180917","openId":"15189752666","name":"ruik","mobile":"15189752925","prov":"浙江省","city":"杭州市1","area":"余杭区1","address":"湖山帝景湾19幢","isMain":"1","addressId":"2","shareOpenId":"15189752925","type":"1"}

2018-09-19 16:24:48======>>>>>>>新用户注册失败：{"openId":"15189752666","createDate":"2018-09-19 16:24:48","loginDate":"2018-09-19 16:24:48","shareOpenId":"15189752925"}

2018-09-19 16:24:48======>>>>>>>好友互相添加：[{"openId":"15189752666","friendOpenId":"15189752925","createDate":"2018-09-19 16:24:48"},{"openId":"15189752925","friendOpenId":"15189752666","createDate":"2018-09-19 16:24:48"}]
-----------------end----------------------

----------------start---------------------
2018-09-19 16:25:12======>>>>>>>获取分享参数：{"proNo":"20180917","openId":"15189752666","name":"ruik","mobile":"15189752925","prov":"浙江省","city":"杭州市1","area":"余杭区1","address":"湖山帝景湾19幢","isMain":"1","addressId":"2","shareOpenId":"15189752925","type":"2"}

2018-09-19 16:25:12======>>>>>>>邀请好友上线获取步数：{"openId":"15189752925","step":"1000","type":1,"date":"2018-09-19","getDate":"2018-09-19 16:25:12"}
-----------------end----------------------

----------------start---------------------
2018-09-19 16:25:21======>>>>>>>获取分享参数：{"proNo":"20180917","openId":"15189752666","name":"ruik","mobile":"15189752925","prov":"浙江省","city":"杭州市1","area":"余杭区1","address":"湖山帝景湾19幢","isMain":"1","addressId":"2","shareOpenId":"15189752925","type":"2"}

2018-09-19 16:25:21======>>>>>>>邀请好友上线获取步数：{"openId":"15189752925","step":"1000","type":1,"date":"2018-09-19","getDate":"2018-09-19 16:25:21"}
-----------------end----------------------

----------------start---------------------
2018-09-19 16:25:22======>>>>>>>获取分享参数：{"proNo":"20180917","openId":"15189752666","name":"ruik","mobile":"15189752925","prov":"浙江省","city":"杭州市1","area":"余杭区1","address":"湖山帝景湾19幢","isMain":"1","addressId":"2","shareOpenId":"15189752925","type":"2"}
-----------------end----------------------

----------------start---------------------
2018-09-19 16:25:23======>>>>>>>获取分享参数：{"proNo":"20180917","openId":"15189752666","name":"ruik","mobile":"15189752925","prov":"浙江省","city":"杭州市1","area":"余杭区1","address":"湖山帝景湾19幢","isMain":"1","addressId":"2","shareOpenId":"15189752925","type":"2"}
-----------------end----------------------

----------------start---------------------
2018-09-19 16:25:23======>>>>>>>获取分享参数：{"proNo":"20180917","openId":"15189752666","name":"ruik","mobile":"15189752925","prov":"浙江省","city":"杭州市1","area":"余杭区1","address":"湖山帝景湾19幢","isMain":"1","addressId":"2","shareOpenId":"15189752925","type":"2"}
-----------------end----------------------

----------------start---------------------
2018-09-19 16:25:29======>>>>>>>获取分享参数：{"proNo":"20180917","openId":"15189752666","name":"ruik","mobile":"15189752925","prov":"浙江省","city":"杭州市1","area":"余杭区1","address":"湖山帝景湾19幢","isMain":"1","addressId":"2","shareOpenId":"15189752925","type":"2"}
-----------------end----------------------

----------------start---------------------
2018-09-19 16:41:31======>>>>>>>获取分享参数：{"proNo":"20180917","openId":"15189752925","name":"ruik","mobile":"15189752925","prov":"浙江省","city":"杭州市1","area":"余杭区1","address":"湖山帝景湾19幢","isMain":"1","addressId":"2","shareOpenId":"15189752925","type":"2","number":"2000"}
-----------------end----------------------

