---------------------------------------------------------------
[ 2018-09-13T13:54:38+08:00 ] 0.0.0.0 GET /walk/test
[ info ] localhost/walk/test [运行时间：0.753000s][吞吐率：1.33req/s] [内存消耗：2,363.34kb] [文件加载：38]
[ info ] [ LANG ] D:\wamp64\www\walk\thinkphp\lang\zh-cn.php
[ info ] [ ROUTE ] array (
  'type' => 'module',
  'module' => 
  array (
    0 => 'index',
    1 => 'Test',
    2 => 'test',
  ),
  'convert' => false,
)
[ info ] [ HEADER ] array (
  'host' => 'localhost',
  'connection' => 'keep-alive',
  'upgrade-insecure-requests' => '1',
  'user-agent' => 'Mozilla/5.0 (Windows NT 6.1; Win64; x64) AppleWebKit/537.36 (KHTML, like Gecko) Chrome/68.0.3440.106 Safari/537.36',
  'accept' => 'text/html,application/xhtml+xml,application/xml;q=0.9,image/webp,image/apng,*/*;q=0.8',
  'accept-encoding' => 'gzip, deflate, br',
  'accept-language' => 'zh-CN,zh;q=0.9',
  'cookie' => '_ga=GA1.1.581352692.1493867060; pgv_pvi=6185861120; AdminUbsNamePanyNo=8c5aad0aaf188bcebd188700f90cfb0b33e594ac; session_id_ip=edb814a4afb723d77be6f83d1ce494e0; ECS[visit_times]=3; bdshare_firstime=1529393285549',
)
[ info ] [ PARAM ] array (
)
[ info ] [ RUN ] app\index\controller\Test->test[ D:\wamp64\www\walk\application\index\controller\Test.php ]
[ info ] [ LOG ] INIT File
---------------------------------------------------------------
[ 2018-09-13T13:55:35+08:00 ] 0.0.0.0 GET /walk/test
[ info ] localhost/walk/test [运行时间：0.296000s][吞吐率：3.38req/s] [内存消耗：2,341.41kb] [文件加载：38]
[ info ] [ LANG ] D:\wamp64\www\walk\thinkphp\lang\zh-cn.php
[ info ] [ ROUTE ] array (
  'type' => 'module',
  'module' => 
  array (
    0 => 'index',
    1 => 'Test',
    2 => 'test',
  ),
  'convert' => false,
)
[ info ] [ HEADER ] array (
  'host' => 'localhost',
  'connection' => 'keep-alive',
  'cache-control' => 'max-age=0',
  'upgrade-insecure-requests' => '1',
  'user-agent' => 'Mozilla/5.0 (Windows NT 6.1; Win64; x64) AppleWebKit/537.36 (KHTML, like Gecko) Chrome/68.0.3440.106 Safari/537.36',
  'accept' => 'text/html,application/xhtml+xml,application/xml;q=0.9,image/webp,image/apng,*/*;q=0.8',
  'accept-encoding' => 'gzip, deflate, br',
  'accept-language' => 'zh-CN,zh;q=0.9',
  'cookie' => '_ga=GA1.1.581352692.1493867060; pgv_pvi=6185861120; AdminUbsNamePanyNo=8c5aad0aaf188bcebd188700f90cfb0b33e594ac; session_id_ip=edb814a4afb723d77be6f83d1ce494e0; ECS[visit_times]=3; bdshare_firstime=1529393285549',
)
[ info ] [ PARAM ] array (
)
[ info ] [ RUN ] app\index\controller\Test->test[ D:\wamp64\www\walk\application\index\controller\Test.php ]
[ info ] [ LOG ] INIT File
---------------------------------------------------------------
[ 2018-09-13T13:55:45+08:00 ] 0.0.0.0 GET /walk/test
[ info ] localhost/walk/test [运行时间：0.304000s][吞吐率：3.29req/s] [内存消耗：2,341.49kb] [文件加载：38]
[ info ] [ LANG ] D:\wamp64\www\walk\thinkphp\lang\zh-cn.php
[ info ] [ ROUTE ] array (
  'type' => 'module',
  'module' => 
  array (
    0 => 'index',
    1 => 'Test',
    2 => 'test',
  ),
  'convert' => false,
)
[ info ] [ HEADER ] array (
  'host' => 'localhost',
  'connection' => 'keep-alive',
  'cache-control' => 'max-age=0',
  'upgrade-insecure-requests' => '1',
  'user-agent' => 'Mozilla/5.0 (Windows NT 6.1; Win64; x64) AppleWebKit/537.36 (KHTML, like Gecko) Chrome/68.0.3440.106 Safari/537.36',
  'accept' => 'text/html,application/xhtml+xml,application/xml;q=0.9,image/webp,image/apng,*/*;q=0.8',
  'accept-encoding' => 'gzip, deflate, br',
  'accept-language' => 'zh-CN,zh;q=0.9',
  'cookie' => '_ga=GA1.1.581352692.1493867060; pgv_pvi=6185861120; AdminUbsNamePanyNo=8c5aad0aaf188bcebd188700f90cfb0b33e594ac; session_id_ip=edb814a4afb723d77be6f83d1ce494e0; ECS[visit_times]=3; bdshare_firstime=1529393285549',
)
[ info ] [ PARAM ] array (
)
[ info ] [ RUN ] app\index\controller\Test->test[ D:\wamp64\www\walk\application\index\controller\Test.php ]
[ info ] [ LOG ] INIT File
---------------------------------------------------------------
[ 2018-09-13T14:02:54+08:00 ] 0.0.0.0 GET /walk/test
[ info ] localhost/walk/test [运行时间：0.169000s][吞吐率：5.92req/s] [内存消耗：2,225.71kb] [文件加载：38]
[ info ] [ LANG ] D:\wamp64\www\walk\thinkphp\lang\zh-cn.php
[ info ] [ ROUTE ] array (
  'type' => 'module',
  'module' => 
  array (
    0 => 'index',
    1 => 'Test',
    2 => 'test',
  ),
  'convert' => false,
)
[ info ] [ HEADER ] array (
  'host' => 'localhost',
  'connection' => 'keep-alive',
  'cache-control' => 'max-age=0',
  'upgrade-insecure-requests' => '1',
  'user-agent' => 'Mozilla/5.0 (Windows NT 6.1; Win64; x64) AppleWebKit/537.36 (KHTML, like Gecko) Chrome/68.0.3440.106 Safari/537.36',
  'accept' => 'text/html,application/xhtml+xml,application/xml;q=0.9,image/webp,image/apng,*/*;q=0.8',
  'accept-encoding' => 'gzip, deflate, br',
  'accept-language' => 'zh-CN,zh;q=0.9',
  'cookie' => '_ga=GA1.1.581352692.1493867060; pgv_pvi=6185861120; AdminUbsNamePanyNo=8c5aad0aaf188bcebd188700f90cfb0b33e594ac; session_id_ip=edb814a4afb723d77be6f83d1ce494e0; ECS[visit_times]=3; bdshare_firstime=1529393285549',
)
[ info ] [ PARAM ] array (
)
[ info ] [ RUN ] app\index\controller\Test->test[ D:\wamp64\www\walk\application\index\controller\Test.php ]
[ info ] [ LOG ] INIT File
---------------------------------------------------------------
[ 2018-09-13T14:03:51+08:00 ] 0.0.0.0 GET /walk/test
[ info ] localhost/walk/test [运行时间：0.078000s][吞吐率：12.82req/s] [内存消耗：2,226.63kb] [文件加载：38]
[ info ] [ LANG ] D:\wamp64\www\walk\thinkphp\lang\zh-cn.php
[ info ] [ ROUTE ] array (
  'type' => 'module',
  'module' => 
  array (
    0 => 'index',
    1 => 'Test',
    2 => 'test',
  ),
  'convert' => false,
)
[ info ] [ HEADER ] array (
  'host' => 'localhost',
  'connection' => 'keep-alive',
  'cache-control' => 'max-age=0',
  'upgrade-insecure-requests' => '1',
  'user-agent' => 'Mozilla/5.0 (Windows NT 6.1; Win64; x64) AppleWebKit/537.36 (KHTML, like Gecko) Chrome/68.0.3440.106 Safari/537.36',
  'accept' => 'text/html,application/xhtml+xml,application/xml;q=0.9,image/webp,image/apng,*/*;q=0.8',
  'accept-encoding' => 'gzip, deflate, br',
  'accept-language' => 'zh-CN,zh;q=0.9',
  'cookie' => '_ga=GA1.1.581352692.1493867060; pgv_pvi=6185861120; AdminUbsNamePanyNo=8c5aad0aaf188bcebd188700f90cfb0b33e594ac; session_id_ip=edb814a4afb723d77be6f83d1ce494e0; ECS[visit_times]=3; bdshare_firstime=1529393285549',
)
[ info ] [ PARAM ] array (
)
[ info ] [ RUN ] app\index\controller\Test->test[ D:\wamp64\www\walk\application\index\controller\Test.php ]
[ info ] [ LOG ] INIT File
---------------------------------------------------------------
[ 2018-09-13T14:04:07+08:00 ] 0.0.0.0 GET /walk/test
[ info ] localhost/walk/test [运行时间：0.109000s][吞吐率：9.17req/s] [内存消耗：2,226.41kb] [文件加载：38]
[ info ] [ LANG ] D:\wamp64\www\walk\thinkphp\lang\zh-cn.php
[ info ] [ ROUTE ] array (
  'type' => 'module',
  'module' => 
  array (
    0 => 'index',
    1 => 'Test',
    2 => 'test',
  ),
  'convert' => false,
)
[ info ] [ HEADER ] array (
  'host' => 'localhost',
  'connection' => 'keep-alive',
  'cache-control' => 'max-age=0',
  'upgrade-insecure-requests' => '1',
  'user-agent' => 'Mozilla/5.0 (Windows NT 6.1; Win64; x64) AppleWebKit/537.36 (KHTML, like Gecko) Chrome/68.0.3440.106 Safari/537.36',
  'accept' => 'text/html,application/xhtml+xml,application/xml;q=0.9,image/webp,image/apng,*/*;q=0.8',
  'accept-encoding' => 'gzip, deflate, br',
  'accept-language' => 'zh-CN,zh;q=0.9',
  'cookie' => '_ga=GA1.1.581352692.1493867060; pgv_pvi=6185861120; AdminUbsNamePanyNo=8c5aad0aaf188bcebd188700f90cfb0b33e594ac; session_id_ip=edb814a4afb723d77be6f83d1ce494e0; ECS[visit_times]=3; bdshare_firstime=1529393285549',
)
[ info ] [ PARAM ] array (
)
[ info ] [ RUN ] app\index\controller\Test->test[ D:\wamp64\www\walk\application\index\controller\Test.php ]
[ info ] [ LOG ] INIT File
---------------------------------------------------------------
[ 2018-09-13T14:05:04+08:00 ] 0.0.0.0 GET /walk/test
[ info ] localhost/walk/test [运行时间：0.090000s][吞吐率：11.11req/s] [内存消耗：2,225.71kb] [文件加载：38]
[ info ] [ LANG ] D:\wamp64\www\walk\thinkphp\lang\zh-cn.php
[ info ] [ ROUTE ] array (
  'type' => 'module',
  'module' => 
  array (
    0 => 'index',
    1 => 'Test',
    2 => 'test',
  ),
  'convert' => false,
)
[ info ] [ HEADER ] array (
  'host' => 'localhost',
  'connection' => 'keep-alive',
  'cache-control' => 'max-age=0',
  'upgrade-insecure-requests' => '1',
  'user-agent' => 'Mozilla/5.0 (Windows NT 6.1; Win64; x64) AppleWebKit/537.36 (KHTML, like Gecko) Chrome/68.0.3440.106 Safari/537.36',
  'accept' => 'text/html,application/xhtml+xml,application/xml;q=0.9,image/webp,image/apng,*/*;q=0.8',
  'accept-encoding' => 'gzip, deflate, br',
  'accept-language' => 'zh-CN,zh;q=0.9',
  'cookie' => '_ga=GA1.1.581352692.1493867060; pgv_pvi=6185861120; AdminUbsNamePanyNo=8c5aad0aaf188bcebd188700f90cfb0b33e594ac; session_id_ip=edb814a4afb723d77be6f83d1ce494e0; ECS[visit_times]=3; bdshare_firstime=1529393285549',
)
[ info ] [ PARAM ] array (
)
[ info ] [ RUN ] app\index\controller\Test->test[ D:\wamp64\www\walk\application\index\controller\Test.php ]
[ info ] [ LOG ] INIT File
---------------------------------------------------------------
[ 2018-09-13T14:07:54+08:00 ] 0.0.0.0 GET /walk/test
[ info ] localhost/walk/test [运行时间：0.085000s][吞吐率：11.76req/s] [内存消耗：2,225.71kb] [文件加载：38]
[ info ] [ LANG ] D:\wamp64\www\walk\thinkphp\lang\zh-cn.php
[ info ] [ ROUTE ] array (
  'type' => 'module',
  'module' => 
  array (
    0 => 'index',
    1 => 'Test',
    2 => 'test',
  ),
  'convert' => false,
)
[ info ] [ HEADER ] array (
  'host' => 'localhost',
  'connection' => 'keep-alive',
  'cache-control' => 'max-age=0',
  'upgrade-insecure-requests' => '1',
  'user-agent' => 'Mozilla/5.0 (Windows NT 6.1; Win64; x64) AppleWebKit/537.36 (KHTML, like Gecko) Chrome/68.0.3440.106 Safari/537.36',
  'accept' => 'text/html,application/xhtml+xml,application/xml;q=0.9,image/webp,image/apng,*/*;q=0.8',
  'accept-encoding' => 'gzip, deflate, br',
  'accept-language' => 'zh-CN,zh;q=0.9',
  'cookie' => '_ga=GA1.1.581352692.1493867060; pgv_pvi=6185861120; AdminUbsNamePanyNo=8c5aad0aaf188bcebd188700f90cfb0b33e594ac; session_id_ip=edb814a4afb723d77be6f83d1ce494e0; ECS[visit_times]=3; bdshare_firstime=1529393285549',
)
[ info ] [ PARAM ] array (
)
[ info ] [ RUN ] app\index\controller\Test->test[ D:\wamp64\www\walk\application\index\controller\Test.php ]
[ info ] [ LOG ] INIT File
---------------------------------------------------------------
[ 2018-09-13T14:08:22+08:00 ] 0.0.0.0 GET /walk/test
[ info ] localhost/walk/test [运行时间：0.104000s][吞吐率：9.62req/s] [内存消耗：2,226.20kb] [文件加载：38]
[ info ] [ LANG ] D:\wamp64\www\walk\thinkphp\lang\zh-cn.php
[ info ] [ ROUTE ] array (
  'type' => 'module',
  'module' => 
  array (
    0 => 'index',
    1 => 'Test',
    2 => 'test',
  ),
  'convert' => false,
)
[ info ] [ HEADER ] array (
  'host' => 'localhost',
  'connection' => 'keep-alive',
  'cache-control' => 'max-age=0',
  'upgrade-insecure-requests' => '1',
  'user-agent' => 'Mozilla/5.0 (Windows NT 6.1; Win64; x64) AppleWebKit/537.36 (KHTML, like Gecko) Chrome/68.0.3440.106 Safari/537.36',
  'accept' => 'text/html,application/xhtml+xml,application/xml;q=0.9,image/webp,image/apng,*/*;q=0.8',
  'accept-encoding' => 'gzip, deflate, br',
  'accept-language' => 'zh-CN,zh;q=0.9',
  'cookie' => '_ga=GA1.1.581352692.1493867060; pgv_pvi=6185861120; AdminUbsNamePanyNo=8c5aad0aaf188bcebd188700f90cfb0b33e594ac; session_id_ip=edb814a4afb723d77be6f83d1ce494e0; ECS[visit_times]=3; bdshare_firstime=1529393285549',
)
[ info ] [ PARAM ] array (
)
[ info ] [ RUN ] app\index\controller\Test->test[ D:\wamp64\www\walk\application\index\controller\Test.php ]
[ info ] [ LOG ] INIT File
---------------------------------------------------------------
[ 2018-09-13T14:08:37+08:00 ] 0.0.0.0 GET /walk/test
[ info ] localhost/walk/test [运行时间：0.081000s][吞吐率：12.35req/s] [内存消耗：2,226.24kb] [文件加载：38]
[ info ] [ LANG ] D:\wamp64\www\walk\thinkphp\lang\zh-cn.php
[ info ] [ ROUTE ] array (
  'type' => 'module',
  'module' => 
  array (
    0 => 'index',
    1 => 'Test',
    2 => 'test',
  ),
  'convert' => false,
)
[ info ] [ HEADER ] array (
  'host' => 'localhost',
  'connection' => 'keep-alive',
  'cache-control' => 'max-age=0',
  'upgrade-insecure-requests' => '1',
  'user-agent' => 'Mozilla/5.0 (Windows NT 6.1; Win64; x64) AppleWebKit/537.36 (KHTML, like Gecko) Chrome/68.0.3440.106 Safari/537.36',
  'accept' => 'text/html,application/xhtml+xml,application/xml;q=0.9,image/webp,image/apng,*/*;q=0.8',
  'accept-encoding' => 'gzip, deflate, br',
  'accept-language' => 'zh-CN,zh;q=0.9',
  'cookie' => '_ga=GA1.1.581352692.1493867060; pgv_pvi=6185861120; AdminUbsNamePanyNo=8c5aad0aaf188bcebd188700f90cfb0b33e594ac; session_id_ip=edb814a4afb723d77be6f83d1ce494e0; ECS[visit_times]=3; bdshare_firstime=1529393285549',
)
[ info ] [ PARAM ] array (
)
[ info ] [ RUN ] app\index\controller\Test->test[ D:\wamp64\www\walk\application\index\controller\Test.php ]
[ info ] [ LOG ] INIT File
---------------------------------------------------------------
[ 2018-09-13T14:10:03+08:00 ] 127.0.0.1 GET /walk/test?XDEBUG_SESSION_START=17477
[ info ] 127.0.0.1/walk/test?XDEBUG_SESSION_START=17477 [运行时间：64.717000s][吞吐率：0.02req/s] [内存消耗：2,223.45kb] [文件加载：38]
[ info ] [ LANG ] D:\wamp64\www\walk\thinkphp\lang\zh-cn.php
[ info ] [ ROUTE ] array (
  'type' => 'module',
  'module' => 
  array (
    0 => 'index',
    1 => 'Test',
    2 => 'test',
  ),
  'convert' => false,
)
[ info ] [ HEADER ] array (
  'user-agent' => 'Jakarta Commons-HttpClient/3.1',
  'host' => '127.0.0.1',
)
[ info ] [ PARAM ] array (
  'XDEBUG_SESSION_START' => '17477',
)
[ info ] [ RUN ] app\index\controller\Test->test[ D:\wamp64\www\walk\application\index\controller\Test.php ]
[ info ] [ LOG ] INIT File
---------------------------------------------------------------
[ 2018-09-13T14:13:22+08:00 ] 127.0.0.1 GET /walk/test?XDEBUG_SESSION_START=11509
[ info ] 127.0.0.1/walk/test?XDEBUG_SESSION_START=11509 [运行时间：202.984000s][吞吐率：0.00req/s] [内存消耗：2,222.72kb] [文件加载：38]
[ info ] [ LANG ] D:\wamp64\www\walk\thinkphp\lang\zh-cn.php
[ info ] [ ROUTE ] array (
  'type' => 'module',
  'module' => 
  array (
    0 => 'index',
    1 => 'Test',
    2 => 'test',
  ),
  'convert' => false,
)
[ info ] [ HEADER ] array (
  'user-agent' => 'Jakarta Commons-HttpClient/3.1',
  'host' => '127.0.0.1',
)
[ info ] [ PARAM ] array (
  'XDEBUG_SESSION_START' => '11509',
)
[ info ] [ RUN ] app\index\controller\Test->test[ D:\wamp64\www\walk\application\index\controller\Test.php ]
[ info ] [ LOG ] INIT File
---------------------------------------------------------------
[ 2018-09-13T14:13:52+08:00 ] 0.0.0.0 GET /walk/test
[ info ] localhost/walk/test [运行时间：0.141000s][吞吐率：7.09req/s] [内存消耗：2,226.82kb] [文件加载：38]
[ info ] [ LANG ] D:\wamp64\www\walk\thinkphp\lang\zh-cn.php
[ info ] [ ROUTE ] array (
  'type' => 'module',
  'module' => 
  array (
    0 => 'index',
    1 => 'Test',
    2 => 'test',
  ),
  'convert' => false,
)
[ info ] [ HEADER ] array (
  'host' => 'localhost',
  'connection' => 'keep-alive',
  'cache-control' => 'max-age=0',
  'upgrade-insecure-requests' => '1',
  'user-agent' => 'Mozilla/5.0 (Windows NT 6.1; Win64; x64) AppleWebKit/537.36 (KHTML, like Gecko) Chrome/68.0.3440.106 Safari/537.36',
  'accept' => 'text/html,application/xhtml+xml,application/xml;q=0.9,image/webp,image/apng,*/*;q=0.8',
  'accept-encoding' => 'gzip, deflate, br',
  'accept-language' => 'zh-CN,zh;q=0.9',
  'cookie' => '_ga=GA1.1.581352692.1493867060; pgv_pvi=6185861120; AdminUbsNamePanyNo=8c5aad0aaf188bcebd188700f90cfb0b33e594ac; session_id_ip=edb814a4afb723d77be6f83d1ce494e0; ECS[visit_times]=3; bdshare_firstime=1529393285549',
)
[ info ] [ PARAM ] array (
)
[ info ] [ RUN ] app\index\controller\Test->test[ D:\wamp64\www\walk\application\index\controller\Test.php ]
[ info ] [ LOG ] INIT File
---------------------------------------------------------------
[ 2018-09-13T14:14:15+08:00 ] 0.0.0.0 GET /walk/test
[ info ] localhost/walk/test [运行时间：0.289000s][吞吐率：3.46req/s] [内存消耗：2,364.18kb] [文件加载：38]
[ info ] [ LANG ] D:\wamp64\www\walk\thinkphp\lang\zh-cn.php
[ info ] [ ROUTE ] array (
  'type' => 'module',
  'module' => 
  array (
    0 => 'index',
    1 => 'Test',
    2 => 'test',
  ),
  'convert' => false,
)
[ info ] [ HEADER ] array (
  'host' => 'localhost',
  'connection' => 'keep-alive',
  'cache-control' => 'max-age=0',
  'upgrade-insecure-requests' => '1',
  'user-agent' => 'Mozilla/5.0 (Windows NT 6.1; Win64; x64) AppleWebKit/537.36 (KHTML, like Gecko) Chrome/68.0.3440.106 Safari/537.36',
  'accept' => 'text/html,application/xhtml+xml,application/xml;q=0.9,image/webp,image/apng,*/*;q=0.8',
  'accept-encoding' => 'gzip, deflate, br',
  'accept-language' => 'zh-CN,zh;q=0.9',
  'cookie' => '_ga=GA1.1.581352692.1493867060; pgv_pvi=6185861120; AdminUbsNamePanyNo=8c5aad0aaf188bcebd188700f90cfb0b33e594ac; session_id_ip=edb814a4afb723d77be6f83d1ce494e0; ECS[visit_times]=3; bdshare_firstime=1529393285549',
)
[ info ] [ PARAM ] array (
)
[ info ] [ RUN ] app\index\controller\Test->test[ D:\wamp64\www\walk\application\index\controller\Test.php ]
[ info ] [ LOG ] INIT File
---------------------------------------------------------------
[ 2018-09-13T14:14:51+08:00 ] 0.0.0.0 GET /walk/test
[ info ] localhost/walk/test [运行时间：0.331000s][吞吐率：3.02req/s] [内存消耗：2,364.18kb] [文件加载：38]
[ info ] [ LANG ] D:\wamp64\www\walk\thinkphp\lang\zh-cn.php
[ info ] [ ROUTE ] array (
  'type' => 'module',
  'module' => 
  array (
    0 => 'index',
    1 => 'Test',
    2 => 'test',
  ),
  'convert' => false,
)
[ info ] [ HEADER ] array (
  'host' => 'localhost',
  'connection' => 'keep-alive',
  'cache-control' => 'max-age=0',
  'upgrade-insecure-requests' => '1',
  'user-agent' => 'Mozilla/5.0 (Windows NT 6.1; Win64; x64) AppleWebKit/537.36 (KHTML, like Gecko) Chrome/68.0.3440.106 Safari/537.36',
  'accept' => 'text/html,application/xhtml+xml,application/xml;q=0.9,image/webp,image/apng,*/*;q=0.8',
  'accept-encoding' => 'gzip, deflate, br',
  'accept-language' => 'zh-CN,zh;q=0.9',
  'cookie' => '_ga=GA1.1.581352692.1493867060; pgv_pvi=6185861120; AdminUbsNamePanyNo=8c5aad0aaf188bcebd188700f90cfb0b33e594ac; session_id_ip=edb814a4afb723d77be6f83d1ce494e0; ECS[visit_times]=3; bdshare_firstime=1529393285549',
)
[ info ] [ PARAM ] array (
)
[ info ] [ RUN ] app\index\controller\Test->test[ D:\wamp64\www\walk\application\index\controller\Test.php ]
[ info ] [ LOG ] INIT File
---------------------------------------------------------------
[ 2018-09-13T14:15:04+08:00 ] 0.0.0.0 GET /walk/test
[ info ] localhost/walk/test [运行时间：0.379000s][吞吐率：2.64req/s] [内存消耗：2,364.37kb] [文件加载：38]
[ info ] [ LANG ] D:\wamp64\www\walk\thinkphp\lang\zh-cn.php
[ info ] [ ROUTE ] array (
  'type' => 'module',
  'module' => 
  array (
    0 => 'index',
    1 => 'Test',
    2 => 'test',
  ),
  'convert' => false,
)
[ info ] [ HEADER ] array (
  'host' => 'localhost',
  'connection' => 'keep-alive',
  'cache-control' => 'max-age=0',
  'upgrade-insecure-requests' => '1',
  'user-agent' => 'Mozilla/5.0 (Windows NT 6.1; Win64; x64) AppleWebKit/537.36 (KHTML, like Gecko) Chrome/68.0.3440.106 Safari/537.36',
  'accept' => 'text/html,application/xhtml+xml,application/xml;q=0.9,image/webp,image/apng,*/*;q=0.8',
  'accept-encoding' => 'gzip, deflate, br',
  'accept-language' => 'zh-CN,zh;q=0.9',
  'cookie' => '_ga=GA1.1.581352692.1493867060; pgv_pvi=6185861120; AdminUbsNamePanyNo=8c5aad0aaf188bcebd188700f90cfb0b33e594ac; session_id_ip=edb814a4afb723d77be6f83d1ce494e0; ECS[visit_times]=3; bdshare_firstime=1529393285549',
)
[ info ] [ PARAM ] array (
)
[ info ] [ RUN ] app\index\controller\Test->test[ D:\wamp64\www\walk\application\index\controller\Test.php ]
[ info ] [ LOG ] INIT File
---------------------------------------------------------------
[ 2018-09-13T14:15:23+08:00 ] 0.0.0.0 GET /walk/test
[ info ] localhost/walk/test [运行时间：0.399000s][吞吐率：2.51req/s] [内存消耗：2,364.53kb] [文件加载：38]
[ info ] [ LANG ] D:\wamp64\www\walk\thinkphp\lang\zh-cn.php
[ info ] [ ROUTE ] array (
  'type' => 'module',
  'module' => 
  array (
    0 => 'index',
    1 => 'Test',
    2 => 'test',
  ),
  'convert' => false,
)
[ info ] [ HEADER ] array (
  'host' => 'localhost',
  'connection' => 'keep-alive',
  'cache-control' => 'max-age=0',
  'upgrade-insecure-requests' => '1',
  'user-agent' => 'Mozilla/5.0 (Windows NT 6.1; Win64; x64) AppleWebKit/537.36 (KHTML, like Gecko) Chrome/68.0.3440.106 Safari/537.36',
  'accept' => 'text/html,application/xhtml+xml,application/xml;q=0.9,image/webp,image/apng,*/*;q=0.8',
  'accept-encoding' => 'gzip, deflate, br',
  'accept-language' => 'zh-CN,zh;q=0.9',
  'cookie' => '_ga=GA1.1.581352692.1493867060; pgv_pvi=6185861120; AdminUbsNamePanyNo=8c5aad0aaf188bcebd188700f90cfb0b33e594ac; session_id_ip=edb814a4afb723d77be6f83d1ce494e0; ECS[visit_times]=3; bdshare_firstime=1529393285549',
)
[ info ] [ PARAM ] array (
)
[ info ] [ RUN ] app\index\controller\Test->test[ D:\wamp64\www\walk\application\index\controller\Test.php ]
[ info ] [ LOG ] INIT File
---------------------------------------------------------------
[ 2018-09-13T14:17:59+08:00 ] 127.0.0.1 GET /walk/test?XDEBUG_SESSION_START=18054
[ info ] 127.0.0.1/walk/test?XDEBUG_SESSION_START=18054 [运行时间：92.020000s][吞吐率：0.01req/s] [内存消耗：2,210.63kb] [文件加载：36]
[ info ] [ LANG ] D:\wamp64\www\walk\thinkphp\lang\zh-cn.php
[ info ] [ ROUTE ] array (
  'type' => 'module',
  'module' => 
  array (
    0 => 'index',
    1 => 'Test',
    2 => 'test',
  ),
  'convert' => false,
)
[ info ] [ HEADER ] array (
  'user-agent' => 'Jakarta Commons-HttpClient/3.1',
  'host' => '127.0.0.1',
)
[ info ] [ PARAM ] array (
  'XDEBUG_SESSION_START' => '18054',
)
[ info ] [ RUN ] app\index\controller\Test->test[ D:\wamp64\www\walk\application\index\controller\Test.php ]
[ info ] [ LOG ] INIT File
---------------------------------------------------------------
[ 2018-09-13T14:19:01+08:00 ] 0.0.0.0 GET /walk/test
[ info ] localhost/walk/test [运行时间：0.300000s][吞吐率：3.33req/s] [内存消耗：2,364.75kb] [文件加载：38]
[ info ] [ LANG ] D:\wamp64\www\walk\thinkphp\lang\zh-cn.php
[ info ] [ ROUTE ] array (
  'type' => 'module',
  'module' => 
  array (
    0 => 'index',
    1 => 'Test',
    2 => 'test',
  ),
  'convert' => false,
)
[ info ] [ HEADER ] array (
  'host' => 'localhost',
  'connection' => 'keep-alive',
  'cache-control' => 'max-age=0',
  'upgrade-insecure-requests' => '1',
  'user-agent' => 'Mozilla/5.0 (Windows NT 6.1; Win64; x64) AppleWebKit/537.36 (KHTML, like Gecko) Chrome/68.0.3440.106 Safari/537.36',
  'accept' => 'text/html,application/xhtml+xml,application/xml;q=0.9,image/webp,image/apng,*/*;q=0.8',
  'accept-encoding' => 'gzip, deflate, br',
  'accept-language' => 'zh-CN,zh;q=0.9',
  'cookie' => '_ga=GA1.1.581352692.1493867060; pgv_pvi=6185861120; AdminUbsNamePanyNo=8c5aad0aaf188bcebd188700f90cfb0b33e594ac; session_id_ip=edb814a4afb723d77be6f83d1ce494e0; ECS[visit_times]=3; bdshare_firstime=1529393285549',
)
[ info ] [ PARAM ] array (
)
[ info ] [ RUN ] app\index\controller\Test->test[ D:\wamp64\www\walk\application\index\controller\Test.php ]
[ info ] [ LOG ] INIT File
---------------------------------------------------------------
[ 2018-09-13T14:19:26+08:00 ] 0.0.0.0 GET /walk/test
[ info ] localhost/walk/test [运行时间：0.303000s][吞吐率：3.30req/s] [内存消耗：2,365.14kb] [文件加载：38]
[ info ] [ LANG ] D:\wamp64\www\walk\thinkphp\lang\zh-cn.php
[ info ] [ ROUTE ] array (
  'type' => 'module',
  'module' => 
  array (
    0 => 'index',
    1 => 'Test',
    2 => 'test',
  ),
  'convert' => false,
)
[ info ] [ HEADER ] array (
  'host' => 'localhost',
  'connection' => 'keep-alive',
  'cache-control' => 'max-age=0',
  'upgrade-insecure-requests' => '1',
  'user-agent' => 'Mozilla/5.0 (Windows NT 6.1; Win64; x64) AppleWebKit/537.36 (KHTML, like Gecko) Chrome/68.0.3440.106 Safari/537.36',
  'accept' => 'text/html,application/xhtml+xml,application/xml;q=0.9,image/webp,image/apng,*/*;q=0.8',
  'accept-encoding' => 'gzip, deflate, br',
  'accept-language' => 'zh-CN,zh;q=0.9',
  'cookie' => '_ga=GA1.1.581352692.1493867060; pgv_pvi=6185861120; AdminUbsNamePanyNo=8c5aad0aaf188bcebd188700f90cfb0b33e594ac; session_id_ip=edb814a4afb723d77be6f83d1ce494e0; ECS[visit_times]=3; bdshare_firstime=1529393285549',
)
[ info ] [ PARAM ] array (
)
[ info ] [ RUN ] app\index\controller\Test->test[ D:\wamp64\www\walk\application\index\controller\Test.php ]
[ info ] [ LOG ] INIT File
---------------------------------------------------------------
[ 2018-09-13T14:19:41+08:00 ] 0.0.0.0 GET /walk/test
[ info ] localhost/walk/test [运行时间：0.285000s][吞吐率：3.51req/s] [内存消耗：2,365.27kb] [文件加载：38]
[ info ] [ LANG ] D:\wamp64\www\walk\thinkphp\lang\zh-cn.php
[ info ] [ ROUTE ] array (
  'type' => 'module',
  'module' => 
  array (
    0 => 'index',
    1 => 'Test',
    2 => 'test',
  ),
  'convert' => false,
)
[ info ] [ HEADER ] array (
  'host' => 'localhost',
  'connection' => 'keep-alive',
  'cache-control' => 'max-age=0',
  'upgrade-insecure-requests' => '1',
  'user-agent' => 'Mozilla/5.0 (Windows NT 6.1; Win64; x64) AppleWebKit/537.36 (KHTML, like Gecko) Chrome/68.0.3440.106 Safari/537.36',
  'accept' => 'text/html,application/xhtml+xml,application/xml;q=0.9,image/webp,image/apng,*/*;q=0.8',
  'accept-encoding' => 'gzip, deflate, br',
  'accept-language' => 'zh-CN,zh;q=0.9',
  'cookie' => '_ga=GA1.1.581352692.1493867060; pgv_pvi=6185861120; AdminUbsNamePanyNo=8c5aad0aaf188bcebd188700f90cfb0b33e594ac; session_id_ip=edb814a4afb723d77be6f83d1ce494e0; ECS[visit_times]=3; bdshare_firstime=1529393285549',
)
[ info ] [ PARAM ] array (
)
[ info ] [ RUN ] app\index\controller\Test->test[ D:\wamp64\www\walk\application\index\controller\Test.php ]
[ info ] [ LOG ] INIT File
---------------------------------------------------------------
[ 2018-09-13T14:19:52+08:00 ] 0.0.0.0 GET /walk/test
[ info ] localhost/walk/test [运行时间：0.315000s][吞吐率：3.17req/s] [内存消耗：2,365.27kb] [文件加载：38]
[ info ] [ LANG ] D:\wamp64\www\walk\thinkphp\lang\zh-cn.php
[ info ] [ ROUTE ] array (
  'type' => 'module',
  'module' => 
  array (
    0 => 'index',
    1 => 'Test',
    2 => 'test',
  ),
  'convert' => false,
)
[ info ] [ HEADER ] array (
  'host' => 'localhost',
  'connection' => 'keep-alive',
  'cache-control' => 'max-age=0',
  'upgrade-insecure-requests' => '1',
  'user-agent' => 'Mozilla/5.0 (Windows NT 6.1; Win64; x64) AppleWebKit/537.36 (KHTML, like Gecko) Chrome/68.0.3440.106 Safari/537.36',
  'accept' => 'text/html,application/xhtml+xml,application/xml;q=0.9,image/webp,image/apng,*/*;q=0.8',
  'accept-encoding' => 'gzip, deflate, br',
  'accept-language' => 'zh-CN,zh;q=0.9',
  'cookie' => '_ga=GA1.1.581352692.1493867060; pgv_pvi=6185861120; AdminUbsNamePanyNo=8c5aad0aaf188bcebd188700f90cfb0b33e594ac; session_id_ip=edb814a4afb723d77be6f83d1ce494e0; ECS[visit_times]=3; bdshare_firstime=1529393285549',
)
[ info ] [ PARAM ] array (
)
[ info ] [ RUN ] app\index\controller\Test->test[ D:\wamp64\www\walk\application\index\controller\Test.php ]
[ info ] [ LOG ] INIT File
---------------------------------------------------------------
[ 2018-09-13T14:20:01+08:00 ] 0.0.0.0 GET /walk/test
[ info ] localhost/walk/test [运行时间：0.316000s][吞吐率：3.16req/s] [内存消耗：2,365.14kb] [文件加载：38]
[ info ] [ LANG ] D:\wamp64\www\walk\thinkphp\lang\zh-cn.php
[ info ] [ ROUTE ] array (
  'type' => 'module',
  'module' => 
  array (
    0 => 'index',
    1 => 'Test',
    2 => 'test',
  ),
  'convert' => false,
)
[ info ] [ HEADER ] array (
  'host' => 'localhost',
  'connection' => 'keep-alive',
  'cache-control' => 'max-age=0',
  'upgrade-insecure-requests' => '1',
  'user-agent' => 'Mozilla/5.0 (Windows NT 6.1; Win64; x64) AppleWebKit/537.36 (KHTML, like Gecko) Chrome/68.0.3440.106 Safari/537.36',
  'accept' => 'text/html,application/xhtml+xml,application/xml;q=0.9,image/webp,image/apng,*/*;q=0.8',
  'accept-encoding' => 'gzip, deflate, br',
  'accept-language' => 'zh-CN,zh;q=0.9',
  'cookie' => '_ga=GA1.1.581352692.1493867060; pgv_pvi=6185861120; AdminUbsNamePanyNo=8c5aad0aaf188bcebd188700f90cfb0b33e594ac; session_id_ip=edb814a4afb723d77be6f83d1ce494e0; ECS[visit_times]=3; bdshare_firstime=1529393285549',
)
[ info ] [ PARAM ] array (
)
[ info ] [ RUN ] app\index\controller\Test->test[ D:\wamp64\www\walk\application\index\controller\Test.php ]
[ info ] [ LOG ] INIT File
---------------------------------------------------------------
[ 2018-09-13T14:22:26+08:00 ] 0.0.0.0 GET /walk/test
[ info ] localhost/walk/test [运行时间：0.313000s][吞吐率：3.19req/s] [内存消耗：2,365.54kb] [文件加载：38]
[ info ] [ LANG ] D:\wamp64\www\walk\thinkphp\lang\zh-cn.php
[ info ] [ ROUTE ] array (
  'type' => 'module',
  'module' => 
  array (
    0 => 'index',
    1 => 'Test',
    2 => 'test',
  ),
  'convert' => false,
)
[ info ] [ HEADER ] array (
  'host' => 'localhost',
  'connection' => 'keep-alive',
  'cache-control' => 'max-age=0',
  'upgrade-insecure-requests' => '1',
  'user-agent' => 'Mozilla/5.0 (Windows NT 6.1; Win64; x64) AppleWebKit/537.36 (KHTML, like Gecko) Chrome/68.0.3440.106 Safari/537.36',
  'accept' => 'text/html,application/xhtml+xml,application/xml;q=0.9,image/webp,image/apng,*/*;q=0.8',
  'accept-encoding' => 'gzip, deflate, br',
  'accept-language' => 'zh-CN,zh;q=0.9',
  'cookie' => '_ga=GA1.1.581352692.1493867060; pgv_pvi=6185861120; AdminUbsNamePanyNo=8c5aad0aaf188bcebd188700f90cfb0b33e594ac; session_id_ip=edb814a4afb723d77be6f83d1ce494e0; ECS[visit_times]=3; bdshare_firstime=1529393285549',
)
[ info ] [ PARAM ] array (
)
[ info ] [ RUN ] app\index\controller\Test->test[ D:\wamp64\www\walk\application\index\controller\Test.php ]
[ info ] [ LOG ] INIT File
---------------------------------------------------------------
[ 2018-09-13T14:22:39+08:00 ] 0.0.0.0 GET /walk/test
[ info ] localhost/walk/test [运行时间：0.286000s][吞吐率：3.50req/s] [内存消耗：2,364.63kb] [文件加载：38]
[ info ] [ LANG ] D:\wamp64\www\walk\thinkphp\lang\zh-cn.php
[ info ] [ ROUTE ] array (
  'type' => 'module',
  'module' => 
  array (
    0 => 'index',
    1 => 'Test',
    2 => 'test',
  ),
  'convert' => false,
)
[ info ] [ HEADER ] array (
  'host' => 'localhost',
  'connection' => 'keep-alive',
  'cache-control' => 'max-age=0',
  'upgrade-insecure-requests' => '1',
  'user-agent' => 'Mozilla/5.0 (Windows NT 6.1; Win64; x64) AppleWebKit/537.36 (KHTML, like Gecko) Chrome/68.0.3440.106 Safari/537.36',
  'accept' => 'text/html,application/xhtml+xml,application/xml;q=0.9,image/webp,image/apng,*/*;q=0.8',
  'accept-encoding' => 'gzip, deflate, br',
  'accept-language' => 'zh-CN,zh;q=0.9',
  'cookie' => '_ga=GA1.1.581352692.1493867060; pgv_pvi=6185861120; AdminUbsNamePanyNo=8c5aad0aaf188bcebd188700f90cfb0b33e594ac; session_id_ip=edb814a4afb723d77be6f83d1ce494e0; ECS[visit_times]=3; bdshare_firstime=1529393285549',
)
[ info ] [ PARAM ] array (
)
[ info ] [ RUN ] app\index\controller\Test->test[ D:\wamp64\www\walk\application\index\controller\Test.php ]
[ info ] [ LOG ] INIT File
---------------------------------------------------------------
[ 2018-09-13T14:22:59+08:00 ] 0.0.0.0 GET /walk/test
[ info ] localhost/walk/test [运行时间：0.148000s][吞吐率：6.76req/s] [内存消耗：2,226.73kb] [文件加载：38]
[ info ] [ LANG ] D:\wamp64\www\walk\thinkphp\lang\zh-cn.php
[ info ] [ ROUTE ] array (
  'type' => 'module',
  'module' => 
  array (
    0 => 'index',
    1 => 'Test',
    2 => 'test',
  ),
  'convert' => false,
)
[ info ] [ HEADER ] array (
  'host' => 'localhost',
  'connection' => 'keep-alive',
  'cache-control' => 'max-age=0',
  'upgrade-insecure-requests' => '1',
  'user-agent' => 'Mozilla/5.0 (Windows NT 6.1; Win64; x64) AppleWebKit/537.36 (KHTML, like Gecko) Chrome/68.0.3440.106 Safari/537.36',
  'accept' => 'text/html,application/xhtml+xml,application/xml;q=0.9,image/webp,image/apng,*/*;q=0.8',
  'accept-encoding' => 'gzip, deflate, br',
  'accept-language' => 'zh-CN,zh;q=0.9',
  'cookie' => '_ga=GA1.1.581352692.1493867060; pgv_pvi=6185861120; AdminUbsNamePanyNo=8c5aad0aaf188bcebd188700f90cfb0b33e594ac; session_id_ip=edb814a4afb723d77be6f83d1ce494e0; ECS[visit_times]=3; bdshare_firstime=1529393285549',
)
[ info ] [ PARAM ] array (
)
[ info ] [ RUN ] app\index\controller\Test->test[ D:\wamp64\www\walk\application\index\controller\Test.php ]
[ info ] [ LOG ] INIT File
---------------------------------------------------------------
[ 2018-09-13T14:28:25+08:00 ] 0.0.0.0 GET /walk/test
[ info ] localhost/walk/test [运行时间：0.115000s][吞吐率：8.70req/s] [内存消耗：2,229.77kb] [文件加载：38]
[ info ] [ LANG ] D:\wamp64\www\walk\thinkphp\lang\zh-cn.php
[ info ] [ ROUTE ] array (
  'type' => 'module',
  'module' => 
  array (
    0 => 'index',
    1 => 'Test',
    2 => 'test',
  ),
  'convert' => false,
)
[ info ] [ HEADER ] array (
  'host' => 'localhost',
  'connection' => 'keep-alive',
  'cache-control' => 'max-age=0',
  'upgrade-insecure-requests' => '1',
  'user-agent' => 'Mozilla/5.0 (Windows NT 6.1; Win64; x64) AppleWebKit/537.36 (KHTML, like Gecko) Chrome/68.0.3440.106 Safari/537.36',
  'accept' => 'text/html,application/xhtml+xml,application/xml;q=0.9,image/webp,image/apng,*/*;q=0.8',
  'accept-encoding' => 'gzip, deflate, br',
  'accept-language' => 'zh-CN,zh;q=0.9',
  'cookie' => '_ga=GA1.1.581352692.1493867060; pgv_pvi=6185861120; AdminUbsNamePanyNo=8c5aad0aaf188bcebd188700f90cfb0b33e594ac; session_id_ip=edb814a4afb723d77be6f83d1ce494e0; ECS[visit_times]=3; bdshare_firstime=1529393285549',
)
[ info ] [ PARAM ] array (
)
[ info ] [ RUN ] app\index\controller\Test->test[ D:\wamp64\www\walk\application\index\controller\Test.php ]
[ info ] [ LOG ] INIT File
---------------------------------------------------------------
[ 2018-09-13T14:31:20+08:00 ] 0.0.0.0 POST /walk/test
[ info ] localhost/walk/test [运行时间：0.318000s][吞吐率：3.14req/s] [内存消耗：2,346.16kb] [文件加载：38]
[ info ] [ LANG ] D:\wamp64\www\walk\thinkphp\lang\zh-cn.php
[ info ] [ ROUTE ] array (
  'type' => 'module',
  'module' => 
  array (
    0 => 'index',
    1 => 'Test',
    2 => 'test',
  ),
  'convert' => false,
)
[ info ] [ HEADER ] array (
  'host' => 'localhost',
  'connection' => 'keep-alive',
  'content-length' => '227',
  'user-agent' => 'Mozilla/5.0 (Windows NT 6.1; Win64; x64) AppleWebKit/537.36 (KHTML, like Gecko) Chrome/68.0.3440.106 Safari/537.36',
  'cache-control' => 'no-cache',
  'origin' => 'chrome-extension://fhbjgbiflinjbdggehcddcbncdddomop',
  'postman-token' => 'a079035a-1e33-358f-8056-9bd4c5f9301f',
  'content-type' => 'multipart/form-data; boundary=----WebKitFormBoundaryrs2mKUsXLIKEIJTJ',
  'accept' => '*/*',
  'accept-encoding' => 'gzip, deflate, br',
  'accept-language' => 'zh-CN,zh;q=0.9',
)
[ info ] [ PARAM ] array (
  'test' => '123',
  'a' => 'b',
)
[ info ] [ RUN ] app\index\controller\Test->test[ D:\wamp64\www\walk\application\index\controller\Test.php ]
[ info ] [ LOG ] INIT File
---------------------------------------------------------------
[ 2018-09-13T14:31:44+08:00 ] 0.0.0.0 POST /walk/test
[ info ] localhost/walk/test [运行时间：0.281000s][吞吐率：3.56req/s] [内存消耗：2,345.99kb] [文件加载：38]
[ info ] [ LANG ] D:\wamp64\www\walk\thinkphp\lang\zh-cn.php
[ info ] [ ROUTE ] array (
  'type' => 'module',
  'module' => 
  array (
    0 => 'index',
    1 => 'Test',
    2 => 'test',
  ),
  'convert' => false,
)
[ info ] [ HEADER ] array (
  'host' => 'localhost',
  'connection' => 'keep-alive',
  'content-length' => '227',
  'user-agent' => 'Mozilla/5.0 (Windows NT 6.1; Win64; x64) AppleWebKit/537.36 (KHTML, like Gecko) Chrome/68.0.3440.106 Safari/537.36',
  'cache-control' => 'no-cache',
  'origin' => 'chrome-extension://fhbjgbiflinjbdggehcddcbncdddomop',
  'postman-token' => '6d343e3c-d768-34b0-1215-c4614d9cbb9c',
  'content-type' => 'multipart/form-data; boundary=----WebKitFormBoundaryAOJ1F11olpoQLaLl',
  'accept' => '*/*',
  'accept-encoding' => 'gzip, deflate, br',
  'accept-language' => 'zh-CN,zh;q=0.9',
)
[ info ] [ PARAM ] array (
  'test' => '123',
  'a' => 'b',
)
[ info ] [ RUN ] app\index\controller\Test->test[ D:\wamp64\www\walk\application\index\controller\Test.php ]
[ info ] [ LOG ] INIT File
---------------------------------------------------------------
[ 2018-09-13T15:14:57+08:00 ] 0.0.0.0 GET /walk/Home/getUserInfo
[ info ] localhost/walk/Home/getUserInfo [运行时间：0.108000s][吞吐率：9.26req/s] [内存消耗：2,247.97kb] [文件加载：39]
[ info ] [ LANG ] D:\wamp64\www\walk\thinkphp\lang\zh-cn.php
[ info ] [ BIND ] 'index'
[ info ] [ ROUTE ] array (
  'type' => 'module',
  'module' => 
  array (
    0 => 'index',
    1 => 'Home',
    2 => 'getUserInfo',
  ),
)
[ info ] [ HEADER ] array (
  'host' => 'localhost',
  'connection' => 'keep-alive',
  'upgrade-insecure-requests' => '1',
  'user-agent' => 'Mozilla/5.0 (Windows NT 6.1; Win64; x64) AppleWebKit/537.36 (KHTML, like Gecko) Chrome/68.0.3440.106 Safari/537.36',
  'accept' => 'text/html,application/xhtml+xml,application/xml;q=0.9,image/webp,image/apng,*/*;q=0.8',
  'accept-encoding' => 'gzip, deflate, br',
  'accept-language' => 'zh-CN,zh;q=0.9',
  'cookie' => '_ga=GA1.1.581352692.1493867060; pgv_pvi=6185861120; AdminUbsNamePanyNo=8c5aad0aaf188bcebd188700f90cfb0b33e594ac; session_id_ip=edb814a4afb723d77be6f83d1ce494e0; ECS[visit_times]=3; bdshare_firstime=1529393285549',
)
[ info ] [ PARAM ] array (
)
[ info ] [ RUN ] app\index\controller\Home->getUserInfo[ D:\wamp64\www\walk\application\index\controller\Home.php ]
[ info ] [ LOG ] INIT File
