---------------------------------------------------------------
[ 2018-09-27T09:53:16+08:00 ] 0.0.0.0 POST /walk/Home/getBannerList
[ info ] localhost/walk/Home/getBannerList [运行时间：0.233000s][吞吐率：4.29req/s] [内存消耗：3,705.23kb] [文件加载：46]
[ info ] [ LANG ] D:\wamp64\www\walk\thinkphp\lang\zh-cn.php
[ info ] [ BIND ] 'index'
[ info ] [ ROUTE ] array (
  'type' => 'module',
  'module' => 
  array (
    0 => 'index',
    1 => 'Home',
    2 => 'getBannerList',
  ),
)
[ info ] [ HEADER ] array (
  'host' => 'localhost',
  'connection' => 'keep-alive',
  'content-length' => '1577',
  'user-agent' => 'Mozilla/5.0 (Windows NT 6.1; Win64; x64) AppleWebKit/537.36 (KHTML, like Gecko) Chrome/68.0.3440.106 Safari/537.36',
  'cache-control' => 'no-cache',
  'origin' => 'chrome-extension://fhbjgbiflinjbdggehcddcbncdddomop',
  'postman-token' => '8986fa8b-bf53-b996-fda1-f037fba6f8f5',
  'content-type' => 'multipart/form-data; boundary=----WebKitFormBoundaryJxxWeteMlaC3Vqbs',
  'accept' => '*/*',
  'accept-encoding' => 'gzip, deflate, br',
  'accept-language' => 'zh-CN,zh;q=0.9',
)
[ info ] [ PARAM ] array (
  'proNo' => '20180926141629',
  'openId' => 'o8gDc4jgSSywOq25tB4HblXduODc',
  'name' => 'ruik',
  'mobile' => '15189752925',
  'prov' => '浙江省',
  'city' => '杭州市1',
  'area' => '余杭区1',
  'address' => '湖山帝景湾19幢',
  'isMain' => '1',
  'addressId' => '2',
  'shareOpenId' => '15189752925',
  'type' => '2',
  'productId' => '7',
  'number' => '1',
  'giveOpenId' => '15189752925',
)
[ info ] [ DB ] INIT mysql
[ info ] [ RUN ] app\index\controller\Home->getBannerList[ D:\wamp64\www\walk\application\index\controller\Home.php ]
[ info ] [ LOG ] INIT File
[ sql ] [ DB ] CONNECT:[ UseTime:0.017000s ] mysql:host=47.97.102.161;port=3306;dbname=walk;charset=utf8
[ sql ] [ SQL ] SHOW COLUMNS FROM `config` [ RunTime:0.009000s ]
[ sql ] [ SQL ] SELECT * FROM `config` LIMIT 1 [ RunTime:0.008000s ]
[ sql ] [ SQL ] SHOW COLUMNS FROM `banner` [ RunTime:0.009000s ]
[ sql ] [ SQL ] SELECT `imageUrl`,`link` FROM `banner` WHERE  `status` = 0 ORDER BY sort desc [ RunTime:0.017000s ]
